<?xml version="1.0" encoding="UTF-8"?>
<testsuite xmlns:xsi="http://www.w3.org/2001/XMLSchema-instance" xsi:noNamespaceSchemaLocation="https://maven.apache.org/surefire/maven-surefire-plugin/xsd/surefire-test-report-3.0.xsd" version="3.0" name="TestSuite" time="11.2" tests="5" errors="0" skipped="0" failures="0">
  <properties>
[...]
</properties>
  <testcase name="authenticate" classname="simpleBook.SimpleBookTest" time="4.204">
    <system-out><![CDATA[{"accessToken":"da2e16c6eee8c74dccabbb3b324e26ee514ba1fc50f83cb6b99b5cfebcd9c844"}
]]></system-out>
    <system-err><![CDATA[SLF4J: Failed to load class "org.slf4j.impl.StaticLoggerBinder".
SLF4J: Defaulting to no-operation (NOP) logger implementation
SLF4J: See http://www.slf4j.org/codes.html#StaticLoggerBinder for further details.
]]></system-err>
  </testcase>
  <testcase name="submitanOrder" classname="simpleBook.SimpleBookTest" time="1.79">
    <system-out><![CDATA[{"created":true,"orderId":"8qOyteDMjitQLJpS8SrCj"}
8qOyteDMjitQLJpS8SrCj
]]></system-out>
  </testcase>
  <testcase name="getAllOrder" classname="simpleBook.SimpleBookTest" time="1.567"/>
  <testcase name="updateAnOrder" classname="simpleBook.SimpleBookTest" time="1.414"/>
  <testcase name="delete" classname="simpleBook.SimpleBookTest" time="1.701"/>
</testsuite>