<?xml version="1.0" encoding="UTF-8"?>
<testng-results ignored="0" total="5" passed="5" failed="0" skipped="0">
  <reporter-output>
  </reporter-output>
  <suite started-at="2023-12-27T15:47:38 IST" name="Suite" finished-at="2023-12-27T15:47:49 IST" duration-ms="10719">
    <groups>
    </groups>
    <test started-at="2023-12-27T15:47:38 IST" name="Test" finished-at="2023-12-27T15:47:49 IST" duration-ms="10719">
      <class name="simpleBook.SimpleBookTest">
        <test-method signature="authenticate()[pri:1, instance:simpleBook.SimpleBookTest@3c22fc4c]" started-at="2023-12-27T15:47:38 IST" name="authenticate" finished-at="2023-12-27T15:47:43 IST" duration-ms="4202" status="PASS">
          <reporter-output>
          </reporter-output>
        </test-method> <!-- authenticate -->
        <test-method signature="submitanOrder()[pri:2, instance:simpleBook.SimpleBookTest@3c22fc4c]" started-at="2023-12-27T15:47:43 IST" name="submitanOrder" finished-at="2023-12-27T15:47:44 IST" duration-ms="1793" status="PASS">
          <reporter-output>
          </reporter-output>
        </test-method> <!-- submitanOrder -->
        <test-method signature="getAllOrder()[pri:3, instance:simpleBook.SimpleBookTest@3c22fc4c]" started-at="2023-12-27T15:47:44 IST" name="getAllOrder" finished-at="2023-12-27T15:47:46 IST" duration-ms="1567" status="PASS">
          <reporter-output>
          </reporter-output>
        </test-method> <!-- getAllOrder -->
        <test-method signature="updateAnOrder()[pri:4, instance:simpleBook.SimpleBookTest@3c22fc4c]" started-at="2023-12-27T15:47:46 IST" name="updateAnOrder" finished-at="2023-12-27T15:47:47 IST" duration-ms="1415" status="PASS">
          <reporter-output>
          </reporter-output>
        </test-method> <!-- updateAnOrder -->
        <test-method signature="delete()[pri:5, instance:simpleBook.SimpleBookTest@3c22fc4c]" started-at="2023-12-27T15:47:47 IST" name="delete" finished-at="2023-12-27T15:47:49 IST" duration-ms="1700" status="PASS">
          <reporter-output>
          </reporter-output>
        </test-method> <!-- delete -->
      </class> <!-- simpleBook.SimpleBookTest -->
    </test> <!-- Test -->
  </suite> <!-- Suite -->
</testng-results>
